<?xml version="1.0" encoding="UTF-8"?>
<!-- Generated by org.testng.reporters.JUnitReportReporter -->
<testsuite hostname="LAPTOP-P55ATLON" failures="0" tests="1" name="crudOperation_withoutBDD.DeleteProjectTest" time="1.233" errors="0" timestamp="2021-07-29T23:35:20 IST" skipped="0">
  <testcase classname="crudOperation_withoutBDD.DeleteProjectTest" name="deleteProject" time="1.233"/>
  <system-out/>
</testsuite> <!-- crudOperation_withoutBDD.DeleteProjectTest -->
