<?xml version="1.0" encoding="UTF-8"?>
<!-- Generated by org.testng.reporters.JUnitReportReporter -->
<testsuite hostname="LAPTOP-P55ATLON" failures="0" tests="1" name="com.rmgyantra.withBDDTest.CompleteUpdateTest" time="1.303" errors="0" timestamp="2021-07-30T01:02:08 IST" skipped="0">
  <testcase classname="com.rmgyantra.withBDDTest.CompleteUpdateTest" name="update" time="1.303"/>
  <system-out/>
</testsuite> <!-- com.rmgyantra.withBDDTest.CompleteUpdateTest -->
