<?xml version="1.0" encoding="UTF-8"?>
<!-- Generated by org.testng.reporters.JUnitReportReporter -->
<testsuite hostname="LAPTOP-P55ATLON" failures="0" tests="1" name="Create_Project_and_Allocate_USER.API_TC_1" time="1.299" errors="0" timestamp="2021-08-01T13:46:41 IST" skipped="0">
  <testcase classname="Create_Project_and_Allocate_USER.API_TC_1" name="end2end" time="1.299"/>
  <system-out/>
</testsuite> <!-- Create_Project_and_Allocate_USER.API_TC_1 -->
