<?xml version="1.0" encoding="UTF-8"?>
<!-- Generated by org.testng.reporters.JUnitReportReporter -->
<testsuite hostname="LAPTOP-P55ATLON" failures="0" tests="1" name="practice_withBDD.GetAllTheProjectTest" time="1.190" errors="0" timestamp="2021-08-01T10:22:42 IST" skipped="0">
  <testcase classname="practice_withBDD.GetAllTheProjectTest" name="getTheProject" time="1.190"/>
  <system-out/>
</testsuite> <!-- practice_withBDD.GetAllTheProjectTest -->
