<?xml version="1.0" encoding="UTF-8"?>
<!-- Generated by org.testng.reporters.JUnitReportReporter -->
<testsuite hostname="LAPTOP-P55ATLON" failures="0" tests="1" name="com.rmgyantra.projectTest.CreateProjectWithCompletedStatusTest" time="1.851" errors="0" timestamp="2021-08-02T13:35:43 IST" skipped="0">
  <testcase classname="com.rmgyantra.projectTest.CreateProjectWithCompletedStatusTest" name="createProjectWithCompletedStatus" time="1.851"/>
  <system-out/>
</testsuite> <!-- com.rmgyantra.projectTest.CreateProjectWithCompletedStatusTest -->
