<?xml version="1.0" encoding="UTF-8"?>
<!-- Generated by org.testng.reporters.JUnitReportReporter -->
<testsuite hostname="LAPTOP-P55ATLON" failures="0" tests="1" name="com.RMG_API_Project_24.CreateProjectTest" time="1.328" errors="0" timestamp="2021-08-01T13:08:03 IST" skipped="0">
  <testcase classname="com.RMG_API_Project_24.CreateProjectTest" name="create" time="1.328"/>
  <system-out/>
</testsuite> <!-- com.RMG_API_Project_24.CreateProjectTest -->
