<?xml version="1.0" encoding="UTF-8"?>
<!-- Generated by org.testng.reporters.JUnitReportReporter -->
<testsuite hostname="LAPTOP-P55ATLON" failures="0" tests="1" name="com.RMG_API_Project_24.DeleteProjectByRequestChaining" time="1.548" errors="0" timestamp="2021-08-01T13:15:37 IST" skipped="0">
  <testcase classname="com.RMG_API_Project_24.DeleteProjectByRequestChaining" name="delete" time="1.548"/>
  <system-out/>
</testsuite> <!-- com.RMG_API_Project_24.DeleteProjectByRequestChaining -->
