<?xml version="1.0" encoding="UTF-8"?>
<!-- Generated by org.testng.reporters.JUnitReportReporter -->
<testsuite hostname="LAPTOP-P55ATLON" failures="0" tests="1" name="practice_withBDD.CompleteUpdateTest" time="1.351" errors="0" timestamp="2021-07-30T01:42:18 IST" skipped="0">
  <testcase classname="practice_withBDD.CompleteUpdateTest" name="update" time="1.351"/>
  <system-out/>
</testsuite> <!-- practice_withBDD.CompleteUpdateTest -->
