<?xml version="1.0" encoding="UTF-8"?>
<!-- Generated by org.testng.reporters.JUnitReportReporter -->
<testsuite hostname="LAPTOP-P55ATLON" failures="0" tests="1" name="com.rmgyantra.withBDDTest.CreateProjectTest" time="1.318" errors="0" timestamp="2021-07-30T00:51:40 IST" skipped="0">
  <testcase classname="com.rmgyantra.withBDDTest.CreateProjectTest" name="create" time="1.318"/>
  <system-out/>
</testsuite> <!-- com.rmgyantra.withBDDTest.CreateProjectTest -->
