<?xml version="1.0" encoding="UTF-8"?>
<!-- Generated by org.testng.reporters.JUnitReportReporter -->
<testsuite hostname="LAPTOP-P55ATLON" failures="0" tests="1" name="com.rmgyantra.withBDDTest.GetAllProjectTest" time="1.131" errors="0" timestamp="2021-07-29T23:50:51 IST" skipped="0">
  <testcase classname="com.rmgyantra.withBDDTest.GetAllProjectTest" name="getProjects" time="1.131"/>
  <system-out/>
</testsuite> <!-- com.rmgyantra.withBDDTest.GetAllProjectTest -->
