<?xml version="1.0" encoding="UTF-8"?>
<!-- Generated by org.testng.reporters.JUnitReportReporter -->
<testsuite hostname="LAPTOP-P55ATLON" failures="0" tests="1" name="com.RMG_API_Project_22.GetTheProjectWithRequestChaining" time="1.528" errors="0" timestamp="2021-08-01T11:01:18 IST" skipped="0">
  <testcase classname="com.RMG_API_Project_22.GetTheProjectWithRequestChaining" name="getTheProject" time="1.528"/>
  <system-out/>
</testsuite> <!-- com.RMG_API_Project_22.GetTheProjectWithRequestChaining -->
