<?xml version="1.0" encoding="UTF-8"?>
<!-- Generated by org.testng.reporters.JUnitReportReporter -->
<testsuite hostname="LAPTOP-P55ATLON" failures="0" tests="1" name="ResponseValidation.ValidateStaticResponseTest" time="1.633" errors="0" timestamp="2021-07-30T22:25:24 IST" skipped="0">
  <testcase classname="ResponseValidation.ValidateStaticResponseTest" name="staticResponse" time="1.633"/>
  <system-out/>
</testsuite> <!-- ResponseValidation.ValidateStaticResponseTest -->
