<?xml version="1.0" encoding="UTF-8"?>
<!-- Generated by org.testng.reporters.JUnitReportReporter -->
<testsuite hostname="LAPTOP-P55ATLON" failures="0" tests="1" name="com.Authentication.BasicAuthTest" time="1.201" errors="0" timestamp="2021-07-31T18:02:00 IST" skipped="0">
  <testcase classname="com.Authentication.BasicAuthTest" name="basic" time="1.201"/>
  <system-out/>
</testsuite> <!-- com.Authentication.BasicAuthTest -->
