<?xml version="1.0" encoding="UTF-8"?>
<!-- Generated by org.testng.reporters.JUnitReportReporter -->
<testsuite hostname="LAPTOP-P55ATLON" failures="0" tests="1" name="com.Requestchaining.ChainingTest" time="1.430" errors="0" timestamp="2021-08-01T10:25:46 IST" skipped="0">
  <testcase classname="com.Requestchaining.ChainingTest" name="chain" time="1.430"/>
  <system-out/>
</testsuite> <!-- com.Requestchaining.ChainingTest -->
