<?xml version="1.0" encoding="UTF-8"?>
<!-- Generated by org.testng.reporters.JUnitReportReporter -->
<testsuite hostname="LAPTOP-P55ATLON" failures="0" tests="1" name="ResponseValidation.ValidateDynamicResponseTest" time="1.314" errors="0" timestamp="2021-07-31T15:46:30 IST" skipped="0">
  <testcase classname="ResponseValidation.ValidateDynamicResponseTest" name="dynamicResponse" time="1.314"/>
  <system-out/>
</testsuite> <!-- ResponseValidation.ValidateDynamicResponseTest -->
