<?xml version="1.0" encoding="UTF-8"?>
<!-- Generated by org.testng.reporters.JUnitReportReporter -->
<testsuite hostname="LAPTOP-P55ATLON" failures="0" tests="1" name="practice_withBDD.UsingJsonFile" time="1.739" errors="0" timestamp="2021-07-30T12:04:06 IST" skipped="0">
  <testcase classname="practice_withBDD.UsingJsonFile" name="usingjsonfile" time="1.739"/>
  <system-out/>
</testsuite> <!-- practice_withBDD.UsingJsonFile -->
