<?xml version="1.0" encoding="UTF-8"?>
<!-- Generated by org.testng.reporters.JUnitReportReporter -->
<testsuite hostname="LAPTOP-P55ATLON" failures="0" tests="1" name="practice_withBDD.CreateUsingPojoTest" time="1.162" errors="0" timestamp="2021-07-30T13:35:36 IST" skipped="0">
  <testcase classname="practice_withBDD.CreateUsingPojoTest" name="createpojo" time="1.162"/>
  <system-out/>
</testsuite> <!-- practice_withBDD.CreateUsingPojoTest -->
