<?xml version="1.0" encoding="UTF-8"?>
<!-- Generated by org.testng.reporters.JUnitReportReporter -->
<testsuite hostname="LAPTOP-P55ATLON" failures="0" tests="1" name="com.parameters.PathParameterTest" time="1.374" errors="0" timestamp="2021-08-03T15:44:36 IST" skipped="0">
  <testcase classname="com.parameters.PathParameterTest" name="parameter" time="1.374"/>
  <system-out/>
</testsuite> <!-- com.parameters.PathParameterTest -->
