<?xml version="1.0" encoding="UTF-8"?>
<!-- Generated by org.testng.reporters.JUnitReportReporter -->
<testsuite hostname="LAPTOP-P55ATLON" failures="0" tests="1" name="crudOperation_withoutBDD.createAproject" time="1.340" errors="0" timestamp="2021-07-29T23:41:38 IST" skipped="0">
  <testcase classname="crudOperation_withoutBDD.createAproject" name="createproject" time="1.340"/>
  <system-out/>
</testsuite> <!-- crudOperation_withoutBDD.createAproject -->
