<?xml version="1.0" encoding="UTF-8"?>
<!-- Generated by org.testng.reporters.JUnitReportReporter -->
<testsuite hostname="LAPTOP-P55ATLON" failures="0" tests="3" name="ResponseValidation.CreateProjectUsingMultipleDataTest" time="1.776" errors="0" timestamp="2021-07-30T17:12:07 IST" skipped="0">
  <testcase classname="ResponseValidation.CreateProjectUsingMultipleDataTest" name="createProject" time="0.032"/>
  <system-out/>
  <testcase classname="ResponseValidation.CreateProjectUsingMultipleDataTest" name="createProject" time="0.029"/>
  <system-out/>
  <testcase classname="ResponseValidation.CreateProjectUsingMultipleDataTest" name="createProject" time="1.715"/>
  <system-out/>
</testsuite> <!-- ResponseValidation.CreateProjectUsingMultipleDataTest -->
