<?xml version="1.0" encoding="UTF-8"?>
<!-- Generated by org.testng.reporters.JUnitReportReporter -->
<testsuite hostname="LAPTOP-P55ATLON" failures="0" tests="1" name="com.rmgyantra.withBDDTest.DeleteProjectTest" time="1.159" errors="0" timestamp="2021-07-30T01:49:22 IST" skipped="0">
  <testcase classname="com.rmgyantra.withBDDTest.DeleteProjectTest" name="deleteProjects" time="1.159"/>
  <system-out/>
</testsuite> <!-- com.rmgyantra.withBDDTest.DeleteProjectTest -->
