<?xml version="1.0" encoding="UTF-8"?>
<!-- Generated by org.testng.reporters.JUnitReportReporter -->
<testsuite hostname="LAPTOP-P55ATLON" failures="0" tests="1" name="practice_withBDD.UsingRandomNumber" time="1.552" errors="0" timestamp="2021-07-30T12:11:23 IST" skipped="0">
  <testcase classname="practice_withBDD.UsingRandomNumber" name="create" time="1.552"/>
  <system-out/>
</testsuite> <!-- practice_withBDD.UsingRandomNumber -->
