<?xml version="1.0" encoding="UTF-8"?>
<!-- Generated by org.testng.reporters.JUnitReportReporter -->
<testsuite hostname="LAPTOP-P55ATLON" failures="0" tests="1" name="com.Authentication.PreemptiveAndDigestiveAuthTest" time="1.275" errors="0" timestamp="2021-07-31T17:53:16 IST" skipped="0">
  <testcase classname="com.Authentication.PreemptiveAndDigestiveAuthTest" name="digestive" time="1.275"/>
  <system-out/>
</testsuite> <!-- com.Authentication.PreemptiveAndDigestiveAuthTest -->
