<?xml version="1.0" encoding="UTF-8"?>
<!-- Generated by org.testng.reporters.JUnitReportReporter -->
<testsuite hostname="LAPTOP-P55ATLON" failures="0" tests="1" name="practice_withBDD.CreateProjectTest" time="1.266" errors="0" timestamp="2021-07-30T01:18:40 IST" skipped="0">
  <testcase classname="practice_withBDD.CreateProjectTest" name="create" time="1.266"/>
  <system-out/>
</testsuite> <!-- practice_withBDD.CreateProjectTest -->
