<?xml version="1.0" encoding="UTF-8"?>
<!-- Generated by org.testng.reporters.JUnitReportReporter -->
<testsuite hostname="LAPTOP-P55ATLON" failures="0" tests="1" name="crudOperation_withoutBDD.getAllProject" time="1.233" errors="0" timestamp="2021-07-29T17:12:01 IST" skipped="0">
  <testcase classname="crudOperation_withoutBDD.getAllProject" name="getallProject" time="1.233"/>
  <system-out/>
</testsuite> <!-- crudOperation_withoutBDD.getAllProject -->
