<?xml version="1.0" encoding="UTF-8"?>
<!-- Generated by org.testng.reporters.JUnitReportReporter -->
<testsuite hostname="LAPTOP-P55ATLON" failures="0" tests="1" name="practice_withBDD.GetAllTheProject" time="1.135" errors="0" timestamp="2021-07-30T01:28:17 IST" skipped="0">
  <testcase classname="practice_withBDD.GetAllTheProject" name="getTheProject" time="1.135"/>
  <system-out/>
</testsuite> <!-- practice_withBDD.GetAllTheProject -->
