<?xml version="1.0" encoding="UTF-8"?>
<!-- Generated by org.testng.reporters.JUnitReportReporter -->
<testsuite hostname="LAPTOP-P55ATLON" failures="0" tests="1" name="practice_withBDD.UsingHashMap" time="1.498" errors="0" timestamp="2021-07-30T12:07:17 IST" skipped="0">
  <testcase classname="practice_withBDD.UsingHashMap" name="create" time="1.498"/>
  <system-out/>
</testsuite> <!-- practice_withBDD.UsingHashMap -->
