<?xml version="1.0" encoding="UTF-8"?>
<!-- Generated by org.testng.reporters.JUnitReportReporter -->
<testsuite hostname="LAPTOP-P55ATLON" failures="0" tests="1" name="crudOperation_withoutBDD.CompleteUpdationTest" time="1.274" errors="0" timestamp="2021-07-29T23:46:34 IST" skipped="0">
  <testcase classname="crudOperation_withoutBDD.CompleteUpdationTest" name="updation" time="1.274"/>
  <system-out/>
</testsuite> <!-- crudOperation_withoutBDD.CompleteUpdationTest -->
