<?xml version="1.0" encoding="UTF-8"?>
<!-- Generated by org.testng.reporters.JUnitReportReporter -->
<testsuite hostname="LAPTOP-P55ATLON" failures="0" tests="1" name="com.Authentication.Auth2" time="2.760" errors="0" timestamp="2021-07-31T17:46:42 IST" skipped="0">
  <testcase classname="com.Authentication.Auth2" name="auth2" time="2.760"/>
  <system-out/>
</testsuite> <!-- com.Authentication.Auth2 -->
