<?xml version="1.0" encoding="UTF-8"?>
<!-- Generated by org.testng.reporters.JUnitReportReporter -->
<testsuite hostname="LAPTOP-P55ATLON" failures="0" tests="1" name="com.RMG_API_Project_23.CreateProjectTest" time="1.277" errors="0" timestamp="2021-08-01T11:03:57 IST" skipped="0">
  <testcase classname="com.RMG_API_Project_23.CreateProjectTest" name="create" time="1.277"/>
  <system-out/>
</testsuite> <!-- com.RMG_API_Project_23.CreateProjectTest -->
